<?xml version="1.0" encoding="UTF-8"?>
<testng-results ignored="0" total="1" passed="1" failed="0" skipped="0">
  <reporter-output>
  </reporter-output>
  <suite started-at="2021-04-05T22:35:25 IST" name="TestNGReport" finished-at="2021-04-05T22:35:29 IST" duration-ms="3116">
    <groups>
      <group name="cucumber">
        <method signature="AbstractTestNGCucumberTests.runScenario(io.cucumber.testng.PickleWrapper, io.cucumber.testng.FeatureWrapper)[pri:0, instance:com.ipl.testRunners.PointTableTestRunner@78b1cc93]" name="runScenario" class="io.cucumber.testng.AbstractTestNGCucumberTests"/>
      </group> <!-- cucumber -->
    </groups>
    <test started-at="2021-04-05T22:35:25 IST" name="IPLPointTable" finished-at="2021-04-05T22:35:29 IST" duration-ms="3116">
      <class name="com.ipl.testRunners.PointTableTestRunner">
        <test-method is-config="true" signature="setupFramework()[pri:0, instance:com.ipl.testRunners.PointTableTestRunner@78b1cc93]" started-at="2021-04-05T22:35:23 IST" name="setupFramework" finished-at="2021-04-05T22:35:25 IST" duration-ms="2500" status="PASS">
          <reporter-output>
          </reporter-output>
        </test-method> <!-- setupFramework -->
        <test-method is-config="true" signature="setUpClass()[pri:0, instance:com.ipl.testRunners.PointTableTestRunner@78b1cc93]" started-at="2021-04-05T22:35:25 IST" name="setUpClass" finished-at="2021-04-05T22:35:26 IST" duration-ms="1012" status="PASS">
          <reporter-output>
          </reporter-output>
        </test-method> <!-- setUpClass -->
        <test-method signature="runScenario(io.cucumber.testng.PickleWrapper, io.cucumber.testng.FeatureWrapper)[pri:0, instance:com.ipl.testRunners.PointTableTestRunner@78b1cc93]" started-at="2021-04-05T22:35:26 IST" name="runScenario" description="Runs Cucumber Scenarios" data-provider="scenarios" finished-at="2021-04-05T22:35:28 IST" duration-ms="2014" status="PASS">
          <params>
            <param index="0">
              <value>
                <![CDATA["Verify the total of the points of all men's teams of IPLT20 tournament 2020 season."]]>
              </value>
            </param>
            <param index="1">
              <value>
                <![CDATA["Optional[As a IPLT20 fan, I want to see total points of all men's teams in IPL Points table page.]"]]>
              </value>
            </param>
          </params>
          <reporter-output>
          </reporter-output>
        </test-method> <!-- runScenario -->
        <test-method is-config="true" signature="tearDownClass()[pri:0, instance:com.ipl.testRunners.PointTableTestRunner@78b1cc93]" started-at="2021-04-05T22:35:28 IST" name="tearDownClass" finished-at="2021-04-05T22:35:29 IST" duration-ms="61" status="PASS">
          <reporter-output>
          </reporter-output>
        </test-method> <!-- tearDownClass -->
        <test-method is-config="true" signature="tearDown()[pri:0, instance:com.ipl.testRunners.PointTableTestRunner@78b1cc93]" started-at="2021-04-05T22:35:34 IST" name="tearDown" finished-at="2021-04-05T22:35:34 IST" duration-ms="156" status="PASS">
          <reporter-output>
          </reporter-output>
        </test-method> <!-- tearDown -->
      </class> <!-- com.ipl.testRunners.PointTableTestRunner -->
    </test> <!-- IPLPointTable -->
  </suite> <!-- TestNGReport -->
</testng-results>
