<?xml version="1.0" encoding="UTF-8"?>
<testsuite xmlns:xsi="http://www.w3.org/2001/XMLSchema-instance" xsi:noNamespaceSchemaLocation="https://maven.apache.org/surefire/maven-surefire-plugin/xsd/surefire-test-report-3.0.xsd" version="3.0" name="TestSuite" time="11.151" tests="1" errors="0" skipped="0" failures="0">
  <properties>
[...]
</properties>
  <testcase name="runScenario[&quot;Verify the total of the points of all men&apos;s teams of IPLT20 tournament 2020 season.&quot;, &quot;Optional[As a IPLT20 fan, I want to see total points of all men&apos;s teams in IPL Points table page.]&quot;](1)" classname="com.ipl.testRunners.PointTableTestRunner" time="2.013">
    <system-out><![CDATA[0 [main] INFO devpinoyLogger  - Config file loaded !!!
5013 [main] INFO util.Log  - -------------------------START INFO---------------------------
5013 [main] INFO util.Log  - The points of 'Mumbai Indians' in the table is : 18
5013 [main] INFO util.Log  - -------------------------END INFO-----------------------------
5075 [main] INFO util.Log  - -------------------------START INFO---------------------------
5075 [main] INFO util.Log  - The points of 'Delhi Capitals' in the table is : 16
5075 [main] INFO util.Log  - -------------------------END INFO-----------------------------
5138 [main] INFO util.Log  - -------------------------START INFO---------------------------
5138 [main] INFO util.Log  - The points of 'Sunrisers Hyderabad' in the table is : 14
5138 [main] INFO util.Log  - -------------------------END INFO-----------------------------
5193 [main] INFO util.Log  - -------------------------START INFO---------------------------
5193 [main] INFO util.Log  - The points of 'Royal Challengers Bangalore' in the table is : 14
5193 [main] INFO util.Log  - -------------------------END INFO-----------------------------
5287 [main] INFO util.Log  - -------------------------START INFO---------------------------
5287 [main] INFO util.Log  - The points of 'Kolkata Knight Riders' in the table is : 14
5287 [main] INFO util.Log  - -------------------------END INFO-----------------------------
5377 [main] INFO util.Log  - -------------------------START INFO---------------------------
5377 [main] INFO util.Log  - The points of 'Punjab Kings' in the table is : 12
5377 [main] INFO util.Log  - -------------------------END INFO-----------------------------
5458 [main] INFO util.Log  - -------------------------START INFO---------------------------
5458 [main] INFO util.Log  - The points of 'Chennai Super Kings' in the table is : 12
5458 [main] INFO util.Log  - -------------------------END INFO-----------------------------
5510 [main] INFO util.Log  - -------------------------START INFO---------------------------
5510 [main] INFO util.Log  - The points of 'Rajasthan Royals' in the table is : 12
5510 [main] INFO util.Log  - -------------------------END INFO-----------------------------
5510 [main] INFO util.Log  - -------------------------START INFO---------------------------
5510 [main] INFO util.Log  - The Total points of all teams are : 112
5510 [main] INFO util.Log  - -------------------------END INFO-----------------------------
]]></system-out>
    <system-err><![CDATA[SLF4J: Failed to load class "org.slf4j.impl.StaticLoggerBinder".
SLF4J: Defaulting to no-operation (NOP) logger implementation
SLF4J: See http://www.slf4j.org/codes.html#StaticLoggerBinder for further details.
Starting ChromeDriver 89.0.4389.23 (61b08ee2c50024bab004e48d2b1b083cdbdac579-refs/branch-heads/4389@{#294}) on port 21760
Only local connections are allowed.
Please see https://chromedriver.chromium.org/security-considerations for suggestions on keeping ChromeDriver safe.
ChromeDriver was started successfully.
Apr 05, 2021 10:35:25 PM org.openqa.selenium.remote.ProtocolHandshake createSession
INFO: Detected dialect: W3C
]]></system-err>
  </testcase>
</testsuite>